c:\users\carl\desktop\onedandd\offline\oned-oned\game\x64\debug\vc141.pdb
c:\users\carl\desktop\onedandd\offline\oned-oned\game\x64\debug\vc141.idb
c:\users\carl\desktop\onedandd\offline\oned-oned\game\x64\debug\states.obj
c:\users\carl\desktop\onedandd\offline\oned-oned\game\x64\debug\shipcontrollercomponent.obj
c:\users\carl\desktop\onedandd\offline\oned-oned\game\x64\debug\ship.obj
c:\users\carl\desktop\onedandd\offline\oned-oned\game\x64\debug\missile.obj
c:\users\carl\desktop\onedandd\offline\oned-oned\game\x64\debug\main.obj
c:\users\carl\desktop\onedandd\offline\oned-oned\game\x64\debug\game.obj
c:\users\carl\desktop\onedandd\offline\oned-oned\game\x64\debug\galagastates.obj
c:\users\carl\desktop\onedandd\offline\oned-oned\game\x64\debug\galagagame.obj
c:\users\carl\desktop\onedandd\offline\oned-oned\game\x64\debug\formation.obj
c:\users\carl\desktop\onedandd\offline\oned-oned\game\x64\debug\explosion.obj
c:\users\carl\desktop\onedandd\offline\oned-oned\game\x64\debug\enemy.obj
c:\users\carl\desktop\onedandd\offline\oned-oned\x64\debug\game.exe
c:\users\carl\desktop\onedandd\offline\oned-oned\game\x64\debug\game.tlog\cl.command.1.tlog
c:\users\carl\desktop\onedandd\offline\oned-oned\game\x64\debug\game.tlog\cl.read.1.tlog
c:\users\carl\desktop\onedandd\offline\oned-oned\game\x64\debug\game.tlog\cl.write.1.tlog
c:\users\carl\desktop\onedandd\offline\oned-oned\game\x64\debug\game.tlog\link.command.1.tlog
c:\users\carl\desktop\onedandd\offline\oned-oned\game\x64\debug\game.tlog\link.read.1.tlog
c:\users\carl\desktop\onedandd\offline\oned-oned\game\x64\debug\game.tlog\link.write.1.tlog
